2015-12-04 18:20:44 5800 [Note] Plugin 'FEDERATED' is disabled.
2015-12-04 18:20:44 5800 [Note] InnoDB: Using atomics to ref count buffer pool pages
2015-12-04 18:20:44 5800 [Note] InnoDB: The InnoDB memory heap is disabled
2015-12-04 18:20:44 5800 [Note] InnoDB: Mutexes and rw_locks use Windows interlocked functions
2015-12-04 18:20:44 5800 [Note] InnoDB: Compressed tables use zlib 1.2.3
2015-12-04 18:20:44 5800 [Note] InnoDB: Not using CPU crc32 instructions
2015-12-04 18:20:44 5800 [Note] InnoDB: Initializing buffer pool, size = 128.0M
2015-12-04 18:20:44 5800 [Note] InnoDB: Completed initialization of buffer pool
2015-12-04 18:20:44 5800 [Note] InnoDB: Highest supported file format is Barracuda.
2015-12-04 18:20:44 5800 [Note] InnoDB: 128 rollback segment(s) are active.
2015-12-04 18:20:44 5800 [Note] InnoDB: Waiting for purge to start
2015-12-04 18:20:44 5800 [Note] InnoDB: 5.6.17 started; log sequence number 1625977
2015-12-04 18:20:44 5800 [Warning] No existing UUID has been found, so we assume that this is the first time that this server has been started. Generating a new UUID: e13ccc98-9acc-11e5-bef3-3065ec755766.
2015-12-04 18:20:44 5800 [Note] Server hostname (bind-address): '*'; port: 3306
2015-12-04 18:20:44 5800 [Note] IPv6 is available.
2015-12-04 18:20:44 5800 [Note]   - '::' resolves to '::';
2015-12-04 18:20:44 5800 [Note] Server socket created on IP: '::'.
2015-12-04 18:20:44 5800 [Note] Event Scheduler: Loaded 0 events
2015-12-04 18:20:44 5800 [Note] wampmysqld64: ready for connections.
Version: '5.6.17'  socket: ''  port: 3306  MySQL Community Server (GPL)
2015-12-06 03:30:16 5800 [Note] wampmysqld64: Normal shutdown

2015-12-06 03:30:16 5800 [Note] Giving 0 client threads a chance to die gracefully
2015-12-06 03:30:17 5800 [Note] Event Scheduler: Purging the queue. 0 events
2015-12-06 03:30:17 5800 [Note] Shutting down slave threads
2015-12-06 03:30:17 5800 [Note] Forcefully disconnecting 0 remaining clients
2015-12-06 03:30:17 5800 [Note] Binlog end
2015-12-06 03:30:17 5800 [Note] Shutting down plugin 'partition'
2015-12-06 03:30:17 5800 [Note] Shutting down plugin 'PERFORMANCE_SCHEMA'
2015-12-06 03:30:17 5800 [Note] Shutting down plugin 'INNODB_SYS_DATAFILES'
2015-12-06 03:30:17 5800 [Note] Shutting down plugin 'INNODB_SYS_TABLESPACES'
2015-12-06 03:30:17 5800 [Note] Shutting down plugin 'INNODB_SYS_FOREIGN_COLS'
2015-12-06 03:30:17 5800 [Note] Shutting down plugin 'INNODB_SYS_FOREIGN'
2015-12-06 03:30:17 5800 [Note] Shutting down plugin 'INNODB_SYS_FIELDS'
2015-12-06 03:30:17 5800 [Note] Shutting down plugin 'INNODB_SYS_COLUMNS'
2015-12-06 03:30:17 5800 [Note] Shutting down plugin 'INNODB_SYS_INDEXES'
2015-12-06 03:30:17 5800 [Note] Shutting down plugin 'INNODB_SYS_TABLESTATS'
2015-12-06 03:30:17 5800 [Note] Shutting down plugin 'INNODB_SYS_TABLES'
2015-12-06 03:30:17 5800 [Note] Shutting down plugin 'INNODB_FT_INDEX_TABLE'
2015-12-06 03:30:17 5800 [Note] Shutting down plugin 'INNODB_FT_INDEX_CACHE'
2015-12-06 03:30:17 5800 [Note] Shutting down plugin 'INNODB_FT_CONFIG'
2015-12-06 03:30:17 5800 [Note] Shutting down plugin 'INNODB_FT_BEING_DELETED'
2015-12-06 03:30:17 5800 [Note] Shutting down plugin 'INNODB_FT_DELETED'
2015-12-06 03:30:17 5800 [Note] Shutting down plugin 'INNODB_FT_DEFAULT_STOPWORD'
2015-12-06 03:30:17 5800 [Note] Shutting down plugin 'INNODB_METRICS'
2015-12-06 03:30:17 5800 [Note] Shutting down plugin 'INNODB_BUFFER_POOL_STATS'
2015-12-06 03:30:17 5800 [Note] Shutting down plugin 'INNODB_BUFFER_PAGE_LRU'
2015-12-06 03:30:17 5800 [Note] Shutting down plugin 'INNODB_BUFFER_PAGE'
2015-12-06 03:30:17 5800 [Note] Shutting down plugin 'INNODB_CMP_PER_INDEX_RESET'
2015-12-06 03:30:17 5800 [Note] Shutting down plugin 'INNODB_CMP_PER_INDEX'
2015-12-06 03:30:17 5800 [Note] Shutting down plugin 'INNODB_CMPMEM_RESET'
2015-12-06 03:30:17 5800 [Note] Shutting down plugin 'INNODB_CMPMEM'
2015-12-06 03:30:17 5800 [Note] Shutting down plugin 'INNODB_CMP_RESET'
2015-12-06 03:30:17 5800 [Note] Shutting down plugin 'INNODB_CMP'
2015-12-06 03:30:17 5800 [Note] Shutting down plugin 'INNODB_LOCK_WAITS'
2015-12-06 03:30:17 5800 [Note] Shutting down plugin 'INNODB_LOCKS'
2015-12-06 03:30:17 5800 [Note] Shutting down plugin 'INNODB_TRX'
2015-12-06 03:30:17 5800 [Note] Shutting down plugin 'InnoDB'
2015-12-06 03:30:17 5800 [Note] InnoDB: FTS optimize thread exiting.
2015-12-06 03:30:17 5800 [Note] InnoDB: Starting shutdown...
2015-12-06 03:30:20 5800 [Note] InnoDB: Shutdown completed; log sequence number 1906162
2015-12-06 03:30:20 5800 [Note] Shutting down plugin 'BLACKHOLE'
2015-12-06 03:30:20 5800 [Note] Shutting down plugin 'ARCHIVE'
2015-12-06 03:30:20 5800 [Note] Shutting down plugin 'MRG_MYISAM'
2015-12-06 03:30:20 5800 [Note] Shutting down plugin 'MyISAM'
2015-12-06 03:30:20 5800 [Note] Shutting down plugin 'MEMORY'
2015-12-06 03:30:20 5800 [Note] Shutting down plugin 'CSV'
2015-12-06 03:30:20 5800 [Note] Shutting down plugin 'sha256_password'
2015-12-06 03:30:20 5800 [Note] Shutting down plugin 'mysql_old_password'
2015-12-06 03:30:20 5800 [Note] Shutting down plugin 'mysql_native_password'
2015-12-06 03:30:20 5800 [Note] Shutting down plugin 'binlog'
2015-12-06 03:30:20 5800 [Note] wampmysqld64: Shutdown complete

2015-12-16 16:41:41 26996 [Note] Plugin 'FEDERATED' is disabled.
2015-12-16 16:41:41 26996 [Note] InnoDB: Using atomics to ref count buffer pool pages
2015-12-16 16:41:41 26996 [Note] InnoDB: The InnoDB memory heap is disabled
2015-12-16 16:41:41 26996 [Note] InnoDB: Mutexes and rw_locks use Windows interlocked functions
2015-12-16 16:41:41 26996 [Note] InnoDB: Compressed tables use zlib 1.2.3
2015-12-16 16:41:41 26996 [Note] InnoDB: Not using CPU crc32 instructions
2015-12-16 16:41:41 26996 [Note] InnoDB: Initializing buffer pool, size = 128.0M
2015-12-16 16:41:42 26996 [Note] InnoDB: Completed initialization of buffer pool
2015-12-16 16:41:42 26996 [Note] InnoDB: Highest supported file format is Barracuda.
2015-12-16 16:41:42 26996 [Note] InnoDB: 128 rollback segment(s) are active.
2015-12-16 16:41:43 26996 [Note] InnoDB: Waiting for purge to start
2015-12-16 16:41:43 26996 [Note] InnoDB: 5.6.17 started; log sequence number 1906162
2015-12-16 16:41:43 26996 [Note] Server hostname (bind-address): '*'; port: 3306
2015-12-16 16:41:43 26996 [Note] IPv6 is available.
2015-12-16 16:41:43 26996 [Note]   - '::' resolves to '::';
2015-12-16 16:41:43 26996 [Note] Server socket created on IP: '::'.
2015-12-16 16:41:45 26996 [Note] Event Scheduler: Loaded 0 events
2015-12-16 16:41:45 26996 [Note] wampmysqld64: ready for connections.
Version: '5.6.17'  socket: ''  port: 3306  MySQL Community Server (GPL)
2015-12-18 20:02:02 26996 [Note] wampmysqld64: Normal shutdown

2015-12-18 20:02:02 26996 [Note] Giving 0 client threads a chance to die gracefully
2015-12-18 20:02:02 26996 [Note] Event Scheduler: Purging the queue. 0 events
2015-12-18 20:02:02 26996 [Note] Shutting down slave threads
2015-12-18 20:02:03 26996 [Note] Forcefully disconnecting 0 remaining clients
2015-12-18 20:02:03 26996 [Note] Binlog end
2015-12-18 20:02:03 26996 [Note] Shutting down plugin 'partition'
2015-12-18 20:02:03 26996 [Note] Shutting down plugin 'PERFORMANCE_SCHEMA'
2015-12-18 20:02:03 26996 [Note] Shutting down plugin 'INNODB_SYS_DATAFILES'
2015-12-18 20:02:03 26996 [Note] Shutting down plugin 'INNODB_SYS_TABLESPACES'
2015-12-18 20:02:03 26996 [Note] Shutting down plugin 'INNODB_SYS_FOREIGN_COLS'
2015-12-18 20:02:03 26996 [Note] Shutting down plugin 'INNODB_SYS_FOREIGN'
2015-12-18 20:02:03 26996 [Note] Shutting down plugin 'INNODB_SYS_FIELDS'
2015-12-18 20:02:03 26996 [Note] Shutting down plugin 'INNODB_SYS_COLUMNS'
2015-12-18 20:02:03 26996 [Note] Shutting down plugin 'INNODB_SYS_INDEXES'
2015-12-18 20:02:03 26996 [Note] Shutting down plugin 'INNODB_SYS_TABLESTATS'
2015-12-18 20:02:03 26996 [Note] Shutting down plugin 'INNODB_SYS_TABLES'
2015-12-18 20:02:03 26996 [Note] Shutting down plugin 'INNODB_FT_INDEX_TABLE'
2015-12-18 20:02:03 26996 [Note] Shutting down plugin 'INNODB_FT_INDEX_CACHE'
2015-12-18 20:02:03 26996 [Note] Shutting down plugin 'INNODB_FT_CONFIG'
2015-12-18 20:02:03 26996 [Note] Shutting down plugin 'INNODB_FT_BEING_DELETED'
2015-12-18 20:02:03 26996 [Note] Shutting down plugin 'INNODB_FT_DELETED'
2015-12-18 20:02:03 26996 [Note] Shutting down plugin 'INNODB_FT_DEFAULT_STOPWORD'
2015-12-18 20:02:03 26996 [Note] Shutting down plugin 'INNODB_METRICS'
2015-12-18 20:02:03 26996 [Note] Shutting down plugin 'INNODB_BUFFER_POOL_STATS'
2015-12-18 20:02:03 26996 [Note] Shutting down plugin 'INNODB_BUFFER_PAGE_LRU'
2015-12-18 20:02:03 26996 [Note] Shutting down plugin 'INNODB_BUFFER_PAGE'
2015-12-18 20:02:03 26996 [Note] Shutting down plugin 'INNODB_CMP_PER_INDEX_RESET'
2015-12-18 20:02:03 26996 [Note] Shutting down plugin 'INNODB_CMP_PER_INDEX'
2015-12-18 20:02:03 26996 [Note] Shutting down plugin 'INNODB_CMPMEM_RESET'
2015-12-18 20:02:03 26996 [Note] Shutting down plugin 'INNODB_CMPMEM'
2015-12-18 20:02:03 26996 [Note] Shutting down plugin 'INNODB_CMP_RESET'
2015-12-18 20:02:03 26996 [Note] Shutting down plugin 'INNODB_CMP'
2015-12-18 20:02:03 26996 [Note] Shutting down plugin 'INNODB_LOCK_WAITS'
2015-12-18 20:02:03 26996 [Note] Shutting down plugin 'INNODB_LOCKS'
2015-12-18 20:02:03 26996 [Note] Shutting down plugin 'INNODB_TRX'
2015-12-18 20:02:03 26996 [Note] Shutting down plugin 'InnoDB'
2015-12-18 20:02:03 26996 [Note] InnoDB: FTS optimize thread exiting.
2015-12-18 20:02:03 26996 [Note] InnoDB: Starting shutdown...
2015-12-18 20:02:07 26996 [Note] InnoDB: Shutdown completed; log sequence number 2187300
2015-12-18 20:02:07 26996 [Note] Shutting down plugin 'BLACKHOLE'
2015-12-18 20:02:07 26996 [Note] Shutting down plugin 'ARCHIVE'
2015-12-18 20:02:07 26996 [Note] Shutting down plugin 'MRG_MYISAM'
2015-12-18 20:02:07 26996 [Note] Shutting down plugin 'MyISAM'
2015-12-18 20:02:07 26996 [Note] Shutting down plugin 'MEMORY'
2015-12-18 20:02:07 26996 [Note] Shutting down plugin 'CSV'
2015-12-18 20:02:07 26996 [Note] Shutting down plugin 'sha256_password'
2015-12-18 20:02:07 26996 [Note] Shutting down plugin 'mysql_old_password'
2015-12-18 20:02:07 26996 [Note] Shutting down plugin 'mysql_native_password'
2015-12-18 20:02:07 26996 [Note] Shutting down plugin 'binlog'
2015-12-18 20:02:07 26996 [Note] wampmysqld64: Shutdown complete

2015-12-21 15:11:27 1572 [Note] Plugin 'FEDERATED' is disabled.
2015-12-21 15:11:27 1572 [Note] InnoDB: Using atomics to ref count buffer pool pages
2015-12-21 15:11:27 1572 [Note] InnoDB: The InnoDB memory heap is disabled
2015-12-21 15:11:27 1572 [Note] InnoDB: Mutexes and rw_locks use Windows interlocked functions
2015-12-21 15:11:27 1572 [Note] InnoDB: Compressed tables use zlib 1.2.3
2015-12-21 15:11:27 1572 [Note] InnoDB: Not using CPU crc32 instructions
2015-12-21 15:11:27 1572 [Note] InnoDB: Initializing buffer pool, size = 128.0M
2015-12-21 15:11:28 1572 [Note] InnoDB: Completed initialization of buffer pool
2015-12-21 15:11:36 1572 [Note] InnoDB: Highest supported file format is Barracuda.
2015-12-21 15:11:42 1572 [Note] InnoDB: 128 rollback segment(s) are active.
2015-12-21 15:11:42 1572 [Note] InnoDB: Waiting for purge to start
2015-12-21 15:11:42 1572 [Note] InnoDB: 5.6.17 started; log sequence number 2187300
2015-12-21 15:11:42 1572 [Note] Server hostname (bind-address): '*'; port: 3306
2015-12-21 15:11:42 1572 [Note] IPv6 is available.
2015-12-21 15:11:42 1572 [Note]   - '::' resolves to '::';
2015-12-21 15:11:42 1572 [Note] Server socket created on IP: '::'.
2015-12-21 15:11:44 1572 [Note] Event Scheduler: Loaded 0 events
2015-12-21 15:11:44 1572 [Note] wampmysqld64: ready for connections.
Version: '5.6.17'  socket: ''  port: 3306  MySQL Community Server (GPL)
2016-03-01 17:29:24 28752 [Note] Plugin 'FEDERATED' is disabled.
2016-03-01 17:29:25 28752 [Note] InnoDB: Using atomics to ref count buffer pool pages
2016-03-01 17:29:25 28752 [Note] InnoDB: The InnoDB memory heap is disabled
2016-03-01 17:29:25 28752 [Note] InnoDB: Mutexes and rw_locks use Windows interlocked functions
2016-03-01 17:29:25 28752 [Note] InnoDB: Compressed tables use zlib 1.2.3
2016-03-01 17:29:25 28752 [Note] InnoDB: Not using CPU crc32 instructions
2016-03-01 17:29:25 28752 [Note] InnoDB: Initializing buffer pool, size = 128.0M
2016-03-01 17:29:25 28752 [Note] InnoDB: Completed initialization of buffer pool
2016-03-01 17:29:25 28752 [Note] InnoDB: Highest supported file format is Barracuda.
2016-03-01 17:29:25 28752 [Note] InnoDB: The log sequence numbers 2187300 and 2187300 in ibdata files do not match the log sequence number 3252598 in the ib_logfiles!
2016-03-01 17:29:25 28752 [Note] InnoDB: Database was not shutdown normally!
2016-03-01 17:29:25 28752 [Note] InnoDB: Starting crash recovery.
2016-03-01 17:29:25 28752 [Note] InnoDB: Reading tablespace information from the .ibd files...
2016-03-01 17:29:25 28752 [Note] InnoDB: Restoring possible half-written data pages 
2016-03-01 17:29:25 28752 [Note] InnoDB: from the doublewrite buffer...
2016-03-01 17:29:26 28752 [Note] InnoDB: 128 rollback segment(s) are active.
2016-03-01 17:29:26 28752 [Note] InnoDB: Waiting for purge to start
2016-03-01 17:29:26 28752 [Note] InnoDB: 5.6.17 started; log sequence number 3252598
2016-03-01 17:29:27 28752 [Note] Server hostname (bind-address): '*'; port: 3306
2016-03-01 17:29:27 28752 [Note] IPv6 is available.
2016-03-01 17:29:27 28752 [Note]   - '::' resolves to '::';
2016-03-01 17:29:27 28752 [Note] Server socket created on IP: '::'.
2016-03-01 17:29:30 28752 [Note] Event Scheduler: Loaded 0 events
2016-03-01 17:29:30 28752 [Note] wampmysqld64: ready for connections.
Version: '5.6.17'  socket: ''  port: 3306  MySQL Community Server (GPL)
2016-03-05 04:48:15 28752 [Note] wampmysqld64: Normal shutdown

2016-03-05 04:48:15 28752 [Note] Giving 0 client threads a chance to die gracefully
2016-03-05 04:48:15 28752 [Note] Event Scheduler: Purging the queue. 0 events
2016-03-05 04:48:15 28752 [Note] Shutting down slave threads
2016-03-05 04:48:16 28752 [Note] Forcefully disconnecting 0 remaining clients
2016-03-05 04:48:16 28752 [Note] Binlog end
2016-03-05 04:48:17 28752 [Note] Shutting down plugin 'partition'
2016-03-05 04:48:17 28752 [Note] Shutting down plugin 'PERFORMANCE_SCHEMA'
2016-03-05 04:48:17 28752 [Note] Shutting down plugin 'INNODB_SYS_DATAFILES'
2016-03-05 04:48:18 28752 [Note] Shutting down plugin 'INNODB_SYS_TABLESPACES'
2016-03-05 04:48:18 28752 [Note] Shutting down plugin 'INNODB_SYS_FOREIGN_COLS'
2016-03-05 04:48:18 28752 [Note] Shutting down plugin 'INNODB_SYS_FOREIGN'
2016-03-05 04:48:18 28752 [Note] Shutting down plugin 'INNODB_SYS_FIELDS'
2016-03-05 04:48:18 28752 [Note] Shutting down plugin 'INNODB_SYS_COLUMNS'
2016-03-05 04:48:18 28752 [Note] Shutting down plugin 'INNODB_SYS_INDEXES'
2016-03-05 04:48:18 28752 [Note] Shutting down plugin 'INNODB_SYS_TABLESTATS'
2016-03-05 04:48:18 28752 [Note] Shutting down plugin 'INNODB_SYS_TABLES'
2016-03-05 04:48:18 28752 [Note] Shutting down plugin 'INNODB_FT_INDEX_TABLE'
2016-03-05 04:48:18 28752 [Note] Shutting down plugin 'INNODB_FT_INDEX_CACHE'
2016-03-05 04:48:18 28752 [Note] Shutting down plugin 'INNODB_FT_CONFIG'
2016-03-05 04:48:18 28752 [Note] Shutting down plugin 'INNODB_FT_BEING_DELETED'
2016-03-05 04:48:18 28752 [Note] Shutting down plugin 'INNODB_FT_DELETED'
2016-03-05 04:48:18 28752 [Note] Shutting down plugin 'INNODB_FT_DEFAULT_STOPWORD'
2016-03-05 04:48:18 28752 [Note] Shutting down plugin 'INNODB_METRICS'
2016-03-05 04:48:18 28752 [Note] Shutting down plugin 'INNODB_BUFFER_POOL_STATS'
2016-03-05 04:48:18 28752 [Note] Shutting down plugin 'INNODB_BUFFER_PAGE_LRU'
2016-03-05 04:48:18 28752 [Note] Shutting down plugin 'INNODB_BUFFER_PAGE'
2016-03-05 04:48:18 28752 [Note] Shutting down plugin 'INNODB_CMP_PER_INDEX_RESET'
2016-03-05 04:48:18 28752 [Note] Shutting down plugin 'INNODB_CMP_PER_INDEX'
2016-03-05 04:48:18 28752 [Note] Shutting down plugin 'INNODB_CMPMEM_RESET'
2016-03-05 04:48:18 28752 [Note] Shutting down plugin 'INNODB_CMPMEM'
2016-03-05 04:48:18 28752 [Note] Shutting down plugin 'INNODB_CMP_RESET'
2016-03-05 04:48:18 28752 [Note] Shutting down plugin 'INNODB_CMP'
2016-03-05 04:48:18 28752 [Note] Shutting down plugin 'INNODB_LOCK_WAITS'
2016-03-05 04:48:18 28752 [Note] Shutting down plugin 'INNODB_LOCKS'
2016-03-05 04:48:18 28752 [Note] Shutting down plugin 'INNODB_TRX'
2016-03-05 04:48:18 28752 [Note] Shutting down plugin 'InnoDB'
2016-03-05 04:48:18 28752 [Note] InnoDB: FTS optimize thread exiting.
2016-03-05 04:48:18 28752 [Note] InnoDB: Starting shutdown...
2016-03-05 04:48:25 28752 [Note] InnoDB: Shutdown completed; log sequence number 3350157
2016-03-05 04:48:25 28752 [Note] Shutting down plugin 'BLACKHOLE'
2016-03-05 04:48:25 28752 [Note] Shutting down plugin 'ARCHIVE'
2016-03-05 04:48:25 28752 [Note] Shutting down plugin 'MRG_MYISAM'
2016-03-05 04:48:25 28752 [Note] Shutting down plugin 'MyISAM'
2016-03-05 04:48:25 28752 [Note] Shutting down plugin 'MEMORY'
2016-03-05 04:48:25 28752 [Note] Shutting down plugin 'CSV'
2016-03-05 04:48:25 28752 [Note] Shutting down plugin 'sha256_password'
2016-03-05 04:48:25 28752 [Note] Shutting down plugin 'mysql_old_password'
2016-03-05 04:48:25 28752 [Note] Shutting down plugin 'mysql_native_password'
2016-03-05 04:48:25 28752 [Note] Shutting down plugin 'binlog'
2016-03-05 04:48:25 28752 [Note] wampmysqld64: Shutdown complete

2016-03-06 17:12:53 12664 [Note] Plugin 'FEDERATED' is disabled.
2016-03-06 17:12:53 12664 [Note] InnoDB: Using atomics to ref count buffer pool pages
2016-03-06 17:12:53 12664 [Note] InnoDB: The InnoDB memory heap is disabled
2016-03-06 17:12:53 12664 [Note] InnoDB: Mutexes and rw_locks use Windows interlocked functions
2016-03-06 17:12:53 12664 [Note] InnoDB: Compressed tables use zlib 1.2.3
2016-03-06 17:12:53 12664 [Note] InnoDB: Not using CPU crc32 instructions
2016-03-06 17:12:53 12664 [Note] InnoDB: Initializing buffer pool, size = 128.0M
2016-03-06 17:12:53 12664 [Note] InnoDB: Completed initialization of buffer pool
2016-03-06 17:12:54 12664 [Note] InnoDB: Highest supported file format is Barracuda.
2016-03-06 17:12:55 12664 [Note] InnoDB: 128 rollback segment(s) are active.
2016-03-06 17:12:55 12664 [Note] InnoDB: Waiting for purge to start
2016-03-06 17:12:55 12664 [Note] InnoDB: 5.6.17 started; log sequence number 3350157
2016-03-06 17:12:55 12664 [Note] Server hostname (bind-address): '*'; port: 3306
2016-03-06 17:12:55 12664 [Note] IPv6 is available.
2016-03-06 17:12:55 12664 [Note]   - '::' resolves to '::';
2016-03-06 17:12:55 12664 [Note] Server socket created on IP: '::'.
2016-03-06 17:12:57 12664 [Note] Event Scheduler: Loaded 0 events
2016-03-06 17:12:57 12664 [Note] wampmysqld64: ready for connections.
Version: '5.6.17'  socket: ''  port: 3306  MySQL Community Server (GPL)
2016-03-09 04:32:22 12664 [Note] wampmysqld64: Normal shutdown

2016-03-09 04:32:22 12664 [Note] Giving 0 client threads a chance to die gracefully
2016-03-09 04:32:22 12664 [Note] Event Scheduler: Purging the queue. 0 events
2016-03-09 04:32:22 12664 [Note] Shutting down slave threads
2016-03-09 04:32:22 12664 [Note] Forcefully disconnecting 0 remaining clients
2016-03-09 04:32:22 12664 [Note] Binlog end
2016-03-09 04:32:23 12664 [Note] Shutting down plugin 'partition'
2016-03-09 04:32:23 12664 [Note] Shutting down plugin 'PERFORMANCE_SCHEMA'
2016-03-09 04:32:23 12664 [Note] Shutting down plugin 'INNODB_SYS_DATAFILES'
2016-03-09 04:32:24 12664 [Note] Shutting down plugin 'INNODB_SYS_TABLESPACES'
2016-03-09 04:32:24 12664 [Note] Shutting down plugin 'INNODB_SYS_FOREIGN_COLS'
2016-03-09 04:32:24 12664 [Note] Shutting down plugin 'INNODB_SYS_FOREIGN'
2016-03-09 04:32:24 12664 [Note] Shutting down plugin 'INNODB_SYS_FIELDS'
2016-03-09 04:32:24 12664 [Note] Shutting down plugin 'INNODB_SYS_COLUMNS'
2016-03-09 04:32:24 12664 [Note] Shutting down plugin 'INNODB_SYS_INDEXES'
2016-03-09 04:32:24 12664 [Note] Shutting down plugin 'INNODB_SYS_TABLESTATS'
2016-03-09 04:32:24 12664 [Note] Shutting down plugin 'INNODB_SYS_TABLES'
2016-03-09 04:32:24 12664 [Note] Shutting down plugin 'INNODB_FT_INDEX_TABLE'
2016-03-09 04:32:24 12664 [Note] Shutting down plugin 'INNODB_FT_INDEX_CACHE'
2016-03-09 04:32:24 12664 [Note] Shutting down plugin 'INNODB_FT_CONFIG'
2016-03-09 04:32:24 12664 [Note] Shutting down plugin 'INNODB_FT_BEING_DELETED'
2016-03-09 04:32:24 12664 [Note] Shutting down plugin 'INNODB_FT_DELETED'
2016-03-09 04:32:24 12664 [Note] Shutting down plugin 'INNODB_FT_DEFAULT_STOPWORD'
2016-03-09 04:32:24 12664 [Note] Shutting down plugin 'INNODB_METRICS'
2016-03-09 04:32:24 12664 [Note] Shutting down plugin 'INNODB_BUFFER_POOL_STATS'
2016-03-09 04:32:24 12664 [Note] Shutting down plugin 'INNODB_BUFFER_PAGE_LRU'
2016-03-09 04:32:24 12664 [Note] Shutting down plugin 'INNODB_BUFFER_PAGE'
2016-03-09 04:32:24 12664 [Note] Shutting down plugin 'INNODB_CMP_PER_INDEX_RESET'
2016-03-09 04:32:24 12664 [Note] Shutting down plugin 'INNODB_CMP_PER_INDEX'
2016-03-09 04:32:24 12664 [Note] Shutting down plugin 'INNODB_CMPMEM_RESET'
2016-03-09 04:32:24 12664 [Note] Shutting down plugin 'INNODB_CMPMEM'
2016-03-09 04:32:24 12664 [Note] Shutting down plugin 'INNODB_CMP_RESET'
2016-03-09 04:32:24 12664 [Note] Shutting down plugin 'INNODB_CMP'
2016-03-09 04:32:24 12664 [Note] Shutting down plugin 'INNODB_LOCK_WAITS'
2016-03-09 04:32:24 12664 [Note] Shutting down plugin 'INNODB_LOCKS'
2016-03-09 04:32:24 12664 [Note] Shutting down plugin 'INNODB_TRX'
2016-03-09 04:32:24 12664 [Note] Shutting down plugin 'InnoDB'
2016-03-09 04:32:24 12664 [Note] InnoDB: FTS optimize thread exiting.
2016-03-09 04:32:24 12664 [Note] InnoDB: Starting shutdown...
2016-03-09 04:32:31 12664 [Note] InnoDB: Shutdown completed; log sequence number 3350377
2016-03-09 04:32:31 12664 [Note] Shutting down plugin 'BLACKHOLE'
2016-03-09 04:32:31 12664 [Note] Shutting down plugin 'ARCHIVE'
2016-03-09 04:32:31 12664 [Note] Shutting down plugin 'MRG_MYISAM'
2016-03-09 04:32:31 12664 [Note] Shutting down plugin 'MyISAM'
2016-03-09 04:32:31 12664 [Note] Shutting down plugin 'MEMORY'
2016-03-09 04:32:31 12664 [Note] Shutting down plugin 'CSV'
2016-03-09 04:32:31 12664 [Note] Shutting down plugin 'sha256_password'
2016-03-09 04:32:31 12664 [Note] Shutting down plugin 'mysql_old_password'
2016-03-09 04:32:31 12664 [Note] Shutting down plugin 'mysql_native_password'
2016-03-09 04:32:31 12664 [Note] Shutting down plugin 'binlog'
2016-03-09 04:32:31 12664 [Note] wampmysqld64: Shutdown complete

2016-03-25 21:53:11 28768 [Note] Plugin 'FEDERATED' is disabled.
2016-03-25 21:53:11 28768 [Note] InnoDB: Using atomics to ref count buffer pool pages
2016-03-25 21:53:11 28768 [Note] InnoDB: The InnoDB memory heap is disabled
2016-03-25 21:53:11 28768 [Note] InnoDB: Mutexes and rw_locks use Windows interlocked functions
2016-03-25 21:53:11 28768 [Note] InnoDB: Compressed tables use zlib 1.2.3
2016-03-25 21:53:12 28768 [Note] InnoDB: Not using CPU crc32 instructions
2016-03-25 21:53:12 28768 [Note] InnoDB: Initializing buffer pool, size = 128.0M
2016-03-25 21:53:12 28768 [Note] InnoDB: Completed initialization of buffer pool
2016-03-25 21:53:12 28768 [Note] InnoDB: Highest supported file format is Barracuda.
2016-03-25 21:53:13 28768 [Note] InnoDB: 128 rollback segment(s) are active.
2016-03-25 21:53:13 28768 [Note] InnoDB: Waiting for purge to start
2016-03-25 21:53:13 28768 [Note] InnoDB: 5.6.17 started; log sequence number 3350377
2016-03-25 21:53:13 28768 [Note] Server hostname (bind-address): '*'; port: 3306
2016-03-25 21:53:13 28768 [Note] IPv6 is available.
2016-03-25 21:53:13 28768 [Note]   - '::' resolves to '::';
2016-03-25 21:53:13 28768 [Note] Server socket created on IP: '::'.
2016-03-25 21:53:17 28768 [Note] Event Scheduler: Loaded 0 events
2016-03-25 21:53:17 28768 [Note] wampmysqld64: ready for connections.
Version: '5.6.17'  socket: ''  port: 3306  MySQL Community Server (GPL)
2016-04-09 11:50:27 10552 [Note] Plugin 'FEDERATED' is disabled.
2016-04-09 11:50:27 10552 [Note] InnoDB: Using atomics to ref count buffer pool pages
2016-04-09 11:50:27 10552 [Note] InnoDB: The InnoDB memory heap is disabled
2016-04-09 11:50:27 10552 [Note] InnoDB: Mutexes and rw_locks use Windows interlocked functions
2016-04-09 11:50:27 10552 [Note] InnoDB: Compressed tables use zlib 1.2.3
2016-04-09 11:50:27 10552 [Note] InnoDB: Not using CPU crc32 instructions
2016-04-09 11:50:27 10552 [Note] InnoDB: Initializing buffer pool, size = 128.0M
2016-04-09 11:50:27 10552 [Note] InnoDB: Completed initialization of buffer pool
2016-04-09 11:50:28 10552 [Note] InnoDB: Highest supported file format is Barracuda.
2016-04-09 11:50:28 10552 [Note] InnoDB: The log sequence numbers 3350377 and 3350377 in ibdata files do not match the log sequence number 3475516 in the ib_logfiles!
2016-04-09 11:50:28 10552 [Note] InnoDB: Database was not shutdown normally!
2016-04-09 11:50:28 10552 [Note] InnoDB: Starting crash recovery.
2016-04-09 11:50:28 10552 [Note] InnoDB: Reading tablespace information from the .ibd files...
2016-04-09 11:50:28 10552 [Note] InnoDB: Restoring possible half-written data pages 
2016-04-09 11:50:28 10552 [Note] InnoDB: from the doublewrite buffer...
2016-04-09 11:50:29 10552 [Note] InnoDB: 128 rollback segment(s) are active.
2016-04-09 11:50:29 10552 [Note] InnoDB: Waiting for purge to start
2016-04-09 11:50:29 10552 [Note] InnoDB: 5.6.17 started; log sequence number 3475516
2016-04-09 11:50:30 10552 [Note] Server hostname (bind-address): '*'; port: 3306
2016-04-09 11:50:30 10552 [Note] IPv6 is available.
2016-04-09 11:50:30 10552 [Note]   - '::' resolves to '::';
2016-04-09 11:50:30 10552 [Note] Server socket created on IP: '::'.
2016-04-09 11:50:34 10552 [Note] Event Scheduler: Loaded 0 events
2016-04-09 11:50:34 10552 [Note] wampmysqld64: ready for connections.
Version: '5.6.17'  socket: ''  port: 3306  MySQL Community Server (GPL)
